Arguments: 
  C:\Program Files\nodejs\node.exe C:\Program Files\nodejs\node_modules\yarn\bin\yarn.js

PATH: 
  C:\Program Files\Common Files\Oracle\Java\javapath;C:\Program Files (x86)\NVIDIA Corporation\PhysX\Common;C:\Program Files (x86)\Common Files\Oracle\Java\javapath;C:\Windows\system32;C:\Windows;C:\Windows\System32\Wbem;C:\Windows\System32\WindowsPowerShell\v1.0\;C:\Windows\System32\OpenSSH\;C:\Program Files\Git\cmd;C:\Program Files\dotnet\;C:\Program Files\Microsoft SQL Server\130\Tools\Binn\;C:\Program Files\Microsoft SQL Server\Client SDK\ODBC\170\Tools\Binn\;C:\Users\Pascal\AppData\Roaming\nvm;C:\Program Files\nodejs;C:\Program Files\Go\bin;C:\Program Files\Microsoft SQL Server\150\Tools\Binn\;C:\Program Files\Docker\Docker\resources\bin;C:\ProgramData\DockerDesktop\version-bin;C:\Program Files\Java\jdk1.8.0_281\bin;C:\Program Files\apache-maven-3.8.2\bin;C:\Users\Pascal\AppData\Local\Programs\Python\Python37\Scripts\;C:\Users\Pascal\AppData\Local\Programs\Python\Python37\;C:\Users\Pascal\AppData\Local\Microsoft\WindowsApps;C:\Users\Pascal\.dotnet\tools;C:\Program Files\php-7.4.14-nts-Win32-vc15-x64;C:\Users\Pascal\AppData\Local\Programs\Microsoft VS Code\bin;C:\flutter\bin;C:\Gradle\bin;C:\Users\Pascal\AppData\Local\Android\Sdk\tools\bin;C:\Users\Pascal\AppData\Local\Android\Sdk\emulator;C:\Users\Pascal\AppData\Local\Android\Sdk\platform-tools;C:\Users\Pascal\go\bin

Yarn version: 
  1.22.15

Node version: 
  14.18.0

Platform: 
  win32 x64

Trace: 
  SyntaxError: D:\Programming\Sources\gamedao-protocol-indexer\package.json: Unexpected token } in JSON at position 1462
      at JSON.parse (<anonymous>)
      at C:\Users\Pascal\AppData\Roaming\nvm\v14.18.0\node_modules\yarn\lib\cli.js:1625:59
      at Generator.next (<anonymous>)
      at step (C:\Users\Pascal\AppData\Roaming\nvm\v14.18.0\node_modules\yarn\lib\cli.js:310:30)
      at C:\Users\Pascal\AppData\Roaming\nvm\v14.18.0\node_modules\yarn\lib\cli.js:321:13

npm manifest: 
  {
    "name": "gamedao-protocol-indexer",
    "private": true,
    "scripts": {
      "build": "tsc",
      "watch": "tsc --watch",
      "init": "node db/init.js",
      "codegen": "npx sqd codegen",
      "db:migrate": "npx sqd db migrate",
      "schema:reset": "",
      "processor:migrate": "echo skip",
      "processor:start": "node lib/index.js",
      "query-node:start": "squid-graphql-server",
      "generate:versions": "npx squid-substrate-metadata-explorer --chain <chainrpc> --archive <archive graphql> --out zeroVersions.json",
      "generate:type-wrappers": "npx squid-substrate-typegen typegen.json"
    },
    "dependencies": {
      "@subsquid/cli": "^0.1.2",
      "@subsquid/graphql-server": "^0.1.4",
      "@subsquid/ss58": "^0.0.4",
      "@subsquid/substrate-processor": "^0.3.0",
      "@zeroio/type-definitions": "0.0.14",
      "bignumber.js": "^9.0.2",
      "dotenv": "^10.0.0",
      "pg": "^8.7.1",
      "typeorm": "^0.2.41"
    },
    "devDependencies": {
      "@subsquid/substrate-metadata-explorer": "^0.0.7",
      "@subsquid/substrate-typegen": "^0.2.1",
      "@types/node": "^16.11.17",
      "typescript": "~4.5.4",
      "@typescript-eslint/eslint-plugin": "^4.33.0",
      "eslint": "^7.32.0",
      "eslint-config-airbnb-typescript": "^12.3.1",
      "eslint-config-prettier": "^8.3.0",
      "eslint-plugin-eslint-comments": "^3.2.0",
      "eslint-plugin-import": "^2.25.3",
      "eslint-plugin-prettier": "^4.0.0",
      "eslint-plugin-type-graphql": "^0.3.2",
      "prettier": "^2.5.1",
    }
  }

yarn manifest: 
  No manifest

Lockfile: 
  No lockfile
